<?xml version="1.0" encoding="UTF-8"?>
<!-- Generated by org.testng.reporters.JUnitReportReporter -->
<testsuite hostname="DESKTOP-89I85RC" failures="0" tests="1" name="com.flexcompany.testcases.TC_LoginTest_002" time="11.955" errors="0" timestamp="13 Nov 2022 09:25:32 GMT" skipped="0">
  <testcase classname="com.flexcompany.testcases.TC_LoginTest_002" name="loginTest" time="11.955"/>
</testsuite> <!-- com.flexcompany.testcases.TC_LoginTest_002 -->
