<?xml version="1.0" encoding="UTF-8"?>
<!-- Generated by org.testng.reporters.JUnitReportReporter -->
<testsuite hostname="DESKTOP-89I85RC" failures="0" tests="1" name="com.flexcompany.testcases.TC_LoginTest_001" time="13.771" errors="0" timestamp="23 Oct 2022 16:04:24 GMT" skipped="0">
  <testcase classname="com.flexcompany.testcases.TC_LoginTest_001" name="loginTest" time="13.771"/>
</testsuite> <!-- com.flexcompany.testcases.TC_LoginTest_001 -->
