<?xml version="1.0" encoding="UTF-8"?>
<!-- Generated by org.testng.reporters.JUnitReportReporter -->
<testsuite hostname="DESKTOP-89I85RC" failures="0" tests="1" name="com.flexcompany.testcases.TC_LoginTest_001" time="17.295" errors="0" timestamp="13 Nov 2022 09:25:32 GMT" skipped="0">
  <testcase classname="com.flexcompany.testcases.TC_LoginTest_001" name="loginTest" time="17.295"/>
</testsuite> <!-- com.flexcompany.testcases.TC_LoginTest_001 -->
